[debug] ----------------------------------------------------------------------
[debug] Command:      /usr/local/bin/node /usr/local/bin/firebase serve
[debug] CLI Version:  3.2.3
[debug] Platform:     linux
[debug] Node Version: v8.0.0
[debug] Time:         Fri Sep 08 2017 01:04:56 GMT+0530 (IST)
[debug] ----------------------------------------------------------------------
[debug] 
[info] Starting Firebase development server...
[info] 
[info] Project Directory: /home/priyanshu/Github/nation-sVoice2
[info] Public Directory: dist
[info] 
[info] Server listening at: http://localhost:5000
[info] Shutting down...
[debug] ----------------------------------------------------------------------
[debug] Command:      /usr/local/bin/node /usr/local/bin/firebase serve
[debug] CLI Version:  3.2.3
[debug] Platform:     linux
[debug] Node Version: v8.0.0
[debug] Time:         Fri Sep 08 2017 01:07:05 GMT+0530 (IST)
[debug] ----------------------------------------------------------------------
[debug] 
[info] Starting Firebase development server...
[info] 
[info] Project Directory: /home/priyanshu/Github/nation-sVoice2
[warn] ⚠  Port 5000 is not available. Trying another port...
[info] Public Directory: dist
[info] 
[info] Server listening at: http://localhost:5001
